{"/mnt/d/Denis/Documents/workspace/delivery-ish/src/testUtils.tsx": {"path":"/mnt/d/Denis/Documents/workspace/delivery-ish/src/testUtils.tsx","statementMap":{"0":{"start":{"line":1,"column":0},"end":{"line":1,"column":26}},"1":{"start":{"line":2,"column":0},"end":{"line":2,"column":76}},"2":{"start":{"line":3,"column":0},"end":{"line":3,"column":50}},"3":{"start":{"line":4,"column":0},"end":{"line":4,"column":33}},"4":{"start":{"line":13,"column":4},"end":{"line":13,"column":67}},"5":{"start":{"line":15,"column":2},"end":{"line":18,"column":5}},"6":{"start":{"line":25,"column":9},"end":{"line":25,"column":24}},"7":{"start":{"line":22,"column":0},"end":{"line":22,"column":39}}},"fnMap":{"0":{"name":"renderWithTheme","decl":{"start":{"line":8,"column":9},"end":{"line":8,"column":24}},"loc":{"start":{"line":10,"column":37},"end":{"line":19,"column":1}}},"1":{"name":"Wrapper","decl":{"start":{"line":12,"column":11},"end":{"line":12,"column":18}},"loc":{"start":{"line":12,"column":66},"end":{"line":14,"column":3}}}},"branchMap":{"0":{"loc":{"start":{"line":10,"column":35},"end":{"line":10,"column":37}},"type":"default-arg","locations":[{"start":{"line":10,"column":35},"end":{"line":10,"column":37}}]}},"s":{"0":1,"1":1,"2":1,"3":1,"4":1,"5":1,"6":1,"7":1},"f":{"0":1,"1":1},"b":{"0":[1]}}
,"/mnt/d/Denis/Documents/workspace/delivery-ish/src/assets/icons/beer.svg": {"path":"/mnt/d/Denis/Documents/workspace/delivery-ish/src/assets/icons/beer.svg","statementMap":{"0":{"start":{"line":2,"column":14},"end":{"line":2,"column":30}},"1":{"start":{"line":4,"column":2},"end":{"line":7,"column":4}},"2":{"start":{"line":9,"column":0},"end":{"line":9,"column":25}}},"fnMap":{"0":{"name":"SvgBeer","decl":{"start":{"line":3,"column":9},"end":{"line":3,"column":16}},"loc":{"start":{"line":3,"column":24},"end":{"line":8,"column":1}},"line":3}},"branchMap":{},"s":{"0":1,"1":0,"2":1},"f":{"0":0},"b":{},"inputSourceMap":null,"_coverageSchema":"1a1c01bbd47fc00a2c39e90264f33305004495a9","hash":"da99fa6ce7d7353264476385fd701217afa2b263"}
,"/mnt/d/Denis/Documents/workspace/delivery-ish/src/assets/icons/github.svg": {"path":"/mnt/d/Denis/Documents/workspace/delivery-ish/src/assets/icons/github.svg","statementMap":{"0":{"start":{"line":2,"column":14},"end":{"line":2,"column":30}},"1":{"start":{"line":4,"column":2},"end":{"line":7,"column":4}},"2":{"start":{"line":9,"column":0},"end":{"line":9,"column":27}}},"fnMap":{"0":{"name":"SvgGithub","decl":{"start":{"line":3,"column":9},"end":{"line":3,"column":18}},"loc":{"start":{"line":3,"column":26},"end":{"line":8,"column":1}},"line":3}},"branchMap":{},"s":{"0":1,"1":0,"2":1},"f":{"0":0},"b":{},"inputSourceMap":null,"_coverageSchema":"1a1c01bbd47fc00a2c39e90264f33305004495a9","hash":"f2b48654f85abf1bcb8bf828d274c356d174b3c5"}
,"/mnt/d/Denis/Documents/workspace/delivery-ish/src/assets/icons/minus.svg": {"path":"/mnt/d/Denis/Documents/workspace/delivery-ish/src/assets/icons/minus.svg","statementMap":{"0":{"start":{"line":2,"column":14},"end":{"line":2,"column":30}},"1":{"start":{"line":4,"column":2},"end":{"line":7,"column":4}},"2":{"start":{"line":9,"column":0},"end":{"line":9,"column":26}}},"fnMap":{"0":{"name":"SvgMinus","decl":{"start":{"line":3,"column":9},"end":{"line":3,"column":17}},"loc":{"start":{"line":3,"column":25},"end":{"line":8,"column":1}},"line":3}},"branchMap":{},"s":{"0":1,"1":0,"2":1},"f":{"0":0},"b":{},"inputSourceMap":null,"_coverageSchema":"1a1c01bbd47fc00a2c39e90264f33305004495a9","hash":"e56d0d5967af38e4e4a1ce20444bdaa862e25ff4"}
,"/mnt/d/Denis/Documents/workspace/delivery-ish/src/assets/icons/plus.svg": {"path":"/mnt/d/Denis/Documents/workspace/delivery-ish/src/assets/icons/plus.svg","statementMap":{"0":{"start":{"line":2,"column":14},"end":{"line":2,"column":30}},"1":{"start":{"line":4,"column":2},"end":{"line":7,"column":4}},"2":{"start":{"line":9,"column":0},"end":{"line":9,"column":25}}},"fnMap":{"0":{"name":"SvgPlus","decl":{"start":{"line":3,"column":9},"end":{"line":3,"column":16}},"loc":{"start":{"line":3,"column":24},"end":{"line":8,"column":1}},"line":3}},"branchMap":{},"s":{"0":1,"1":0,"2":1},"f":{"0":0},"b":{},"inputSourceMap":null,"_coverageSchema":"1a1c01bbd47fc00a2c39e90264f33305004495a9","hash":"a8773cbe60f895d90377813a6da077f1a6e34678"}
,"/mnt/d/Denis/Documents/workspace/delivery-ish/src/assets/icons/spinner.svg": {"path":"/mnt/d/Denis/Documents/workspace/delivery-ish/src/assets/icons/spinner.svg","statementMap":{"0":{"start":{"line":2,"column":14},"end":{"line":2,"column":30}},"1":{"start":{"line":4,"column":2},"end":{"line":7,"column":4}},"2":{"start":{"line":9,"column":0},"end":{"line":9,"column":28}}},"fnMap":{"0":{"name":"SvgSpinner","decl":{"start":{"line":3,"column":9},"end":{"line":3,"column":19}},"loc":{"start":{"line":3,"column":27},"end":{"line":8,"column":1}},"line":3}},"branchMap":{},"s":{"0":1,"1":0,"2":1},"f":{"0":0},"b":{},"inputSourceMap":null,"_coverageSchema":"1a1c01bbd47fc00a2c39e90264f33305004495a9","hash":"eaacf3e04b1031b6f3652d8e93ae5424bab1f0e7"}
,"/mnt/d/Denis/Documents/workspace/delivery-ish/src/components/Button/index.tsx": {"path":"/mnt/d/Denis/Documents/workspace/delivery-ish/src/components/Button/index.tsx","statementMap":{"0":{"start":{"line":1,"column":0},"end":{"line":1,"column":26}},"1":{"start":{"line":3,"column":0},"end":{"line":3,"column":30}},"2":{"start":{"line":12,"column":4},"end":{"line":19,"column":1}},"3":{"start":{"line":13,"column":2},"end":{"line":18,"column":4}},"4":{"start":{"line":21,"column":0},"end":{"line":21,"column":22}}},"fnMap":{"0":{"name":"(anonymous_7)","decl":{"start":{"line":12,"column":4},"end":{"line":12,"column":5}},"loc":{"start":{"line":12,"column":41},"end":{"line":19,"column":1}}}},"branchMap":{"0":{"loc":{"start":{"line":16,"column":7},"end":{"line":16,"column":16}},"type":"binary-expr","locations":[{"start":{"line":16,"column":7},"end":{"line":16,"column":16}},{"start":{"line":16,"column":20},"end":{"line":16,"column":48}}]}},"s":{"0":1,"1":1,"2":1,"3":1,"4":1},"f":{"0":1},"b":{"0":[1,0]}}
,"/mnt/d/Denis/Documents/workspace/delivery-ish/src/components/Button/styles.ts": {"path":"/mnt/d/Denis/Documents/workspace/delivery-ish/src/components/Button/styles.ts","statementMap":{"0":{"start":{"line":1,"column":0},"end":{"line":1,"column":54}},"1":{"start":{"line":3,"column":0},"end":{"line":3,"column":36}},"2":{"start":{"line":5,"column":15},"end":{"line":13,"column":2}},"3":{"start":{"line":15,"column":13},"end":{"line":21,"column":2}},"4":{"start":{"line":19,"column":26},"end":{"line":19,"column":42}},"5":{"start":{"line":27,"column":13},"end":{"line":54,"column":2}},"6":{"start":{"line":29,"column":4},"end":{"line":31,"column":null}},"7":{"start":{"line":30,"column":6},"end":{"line":30,"column":32}},"8":{"start":{"line":32,"column":4},"end":{"line":34,"column":null}},"9":{"start":{"line":33,"column":6},"end":{"line":33,"column":32}},"10":{"start":{"line":36,"column":4},"end":{"line":36,"column":78}},"11":{"start":{"line":39,"column":4},"end":{"line":39,"column":62}},"12":{"start":{"line":42,"column":4},"end":{"line":42,"column":70}},"13":{"start":{"line":46,"column":30},"end":{"line":46,"column":46}},"14":{"start":{"line":47,"column":39},"end":{"line":47,"column":66}},"15":{"start":{"line":48,"column":19},"end":{"line":48,"column":37}},"16":{"start":{"line":52,"column":6},"end":{"line":52,"column":72}}},"fnMap":{"0":{"name":"(anonymous_7)","decl":{"start":{"line":19,"column":11},"end":{"line":19,"column":12}},"loc":{"start":{"line":19,"column":26},"end":{"line":19,"column":42}}},"1":{"name":"(anonymous_8)","decl":{"start":{"line":28,"column":22},"end":{"line":28,"column":23}},"loc":{"start":{"line":28,"column":63},"end":{"line":37,"column":3}}},"2":{"name":"(anonymous_9)","decl":{"start":{"line":38,"column":12},"end":{"line":38,"column":13}},"loc":{"start":{"line":39,"column":4},"end":{"line":39,"column":62}}},"3":{"name":"(anonymous_10)","decl":{"start":{"line":41,"column":11},"end":{"line":41,"column":12}},"loc":{"start":{"line":42,"column":4},"end":{"line":42,"column":70}}},"4":{"name":"(anonymous_11)","decl":{"start":{"line":46,"column":15},"end":{"line":46,"column":16}},"loc":{"start":{"line":46,"column":30},"end":{"line":46,"column":46}}},"5":{"name":"(anonymous_12)","decl":{"start":{"line":47,"column":20},"end":{"line":47,"column":21}},"loc":{"start":{"line":47,"column":39},"end":{"line":47,"column":66}}},"6":{"name":"(anonymous_13)","decl":{"start":{"line":48,"column":4},"end":{"line":48,"column":5}},"loc":{"start":{"line":48,"column":19},"end":{"line":48,"column":37}}},"7":{"name":"(anonymous_14)","decl":{"start":{"line":51,"column":12},"end":{"line":51,"column":13}},"loc":{"start":{"line":52,"column":6},"end":{"line":52,"column":72}}}},"branchMap":{"0":{"loc":{"start":{"line":29,"column":4},"end":{"line":31,"column":null}},"type":"if","locations":[{"start":{"line":29,"column":4},"end":{"line":31,"column":null}},{"start":{"line":29,"column":4},"end":{"line":31,"column":null}}]},"1":{"loc":{"start":{"line":32,"column":4},"end":{"line":34,"column":null}},"type":"if","locations":[{"start":{"line":32,"column":4},"end":{"line":34,"column":null}},{"start":{"line":32,"column":4},"end":{"line":34,"column":null}}]},"2":{"loc":{"start":{"line":36,"column":33},"end":{"line":36,"column":56}},"type":"cond-expr","locations":[{"start":{"line":36,"column":33},"end":{"line":36,"column":56}},{"start":{"line":36,"column":59},"end":{"line":36,"column":77}}]},"3":{"loc":{"start":{"line":39,"column":15},"end":{"line":39,"column":53}},"type":"cond-expr","locations":[{"start":{"line":39,"column":15},"end":{"line":39,"column":53}},{"start":{"line":39,"column":56},"end":{"line":39,"column":62}}]},"4":{"loc":{"start":{"line":42,"column":26},"end":{"line":42,"column":44}},"type":"cond-expr","locations":[{"start":{"line":42,"column":26},"end":{"line":42,"column":44}},{"start":{"line":42,"column":47},"end":{"line":42,"column":70}}]},"5":{"loc":{"start":{"line":47,"column":50},"end":{"line":47,"column":56}},"type":"cond-expr","locations":[{"start":{"line":47,"column":50},"end":{"line":47,"column":56}},{"start":{"line":47,"column":59},"end":{"line":47,"column":66}}]},"6":{"loc":{"start":{"line":52,"column":28},"end":{"line":52,"column":46}},"type":"cond-expr","locations":[{"start":{"line":52,"column":28},"end":{"line":52,"column":46}},{"start":{"line":52,"column":49},"end":{"line":52,"column":72}}]}},"s":{"0":1,"1":1,"2":1,"3":1,"4":0,"5":1,"6":1,"7":0,"8":1,"9":0,"10":1,"11":1,"12":1,"13":1,"14":1,"15":1,"16":1},"f":{"0":0,"1":1,"2":1,"3":1,"4":1,"5":1,"6":1,"7":1},"b":{"0":[0,1],"1":[0,1],"2":[0,1],"3":[0,1],"4":[0,1],"5":[0,1],"6":[0,1]}}
,"/mnt/d/Denis/Documents/workspace/delivery-ish/src/components/Icons/index.tsx": {"path":"/mnt/d/Denis/Documents/workspace/delivery-ish/src/components/Icons/index.tsx","statementMap":{"0":{"start":{"line":1,"column":0},"end":{"line":1,"column":26}},"1":{"start":{"line":2,"column":0},"end":{"line":2,"column":38}},"2":{"start":{"line":4,"column":0},"end":{"line":4,"column":63}},"3":{"start":{"line":5,"column":0},"end":{"line":5,"column":67}},"4":{"start":{"line":6,"column":0},"end":{"line":6,"column":65}},"5":{"start":{"line":7,"column":0},"end":{"line":7,"column":63}},"6":{"start":{"line":8,"column":0},"end":{"line":8,"column":69}},"7":{"start":{"line":10,"column":13},"end":{"line":16,"column":2}},"8":{"start":{"line":23,"column":0},"end":{"line":35,"column":2}},"9":{"start":{"line":30,"column":15},"end":{"line":30,"column":25}},"10":{"start":{"line":32,"column":2},"end":{"line":34,"column":11}}},"fnMap":{"0":{"name":"(anonymous_1)","decl":{"start":{"line":23,"column":15},"end":{"line":23,"column":16}},"loc":{"start":{"line":29,"column":47},"end":{"line":35,"column":1}}}},"branchMap":{"0":{"loc":{"start":{"line":25,"column":10},"end":{"line":25,"column":17}},"type":"default-arg","locations":[{"start":{"line":25,"column":10},"end":{"line":25,"column":17}}]},"1":{"loc":{"start":{"line":33,"column":4},"end":{"line":33,"column":72}},"type":"cond-expr","locations":[{"start":{"line":33,"column":4},"end":{"line":33,"column":72}},{"start":{"line":34,"column":6},"end":{"line":34,"column":10}}]},"2":{"loc":{"start":{"line":33,"column":38},"end":{"line":33,"column":51}},"type":"cond-expr","locations":[{"start":{"line":33,"column":38},"end":{"line":33,"column":51}},{"start":{"line":33,"column":54},"end":{"line":33,"column":58}}]}},"s":{"0":1,"1":1,"2":1,"3":1,"4":1,"5":1,"6":1,"7":1,"8":1,"9":0,"10":0},"f":{"0":0},"b":{"0":[0],"1":[0,0],"2":[0,0]}}
,"/mnt/d/Denis/Documents/workspace/delivery-ish/src/styles/theme.ts": {"path":"/mnt/d/Denis/Documents/workspace/delivery-ish/src/styles/theme.ts","statementMap":{"0":{"start":{"line":2,"column":0},"end":{"line":2,"column":27}},"1":{"start":{"line":15,"column":13},"end":{"line":24,"column":2}},"2":{"start":{"line":26,"column":24},"end":{"line":28,"column":2}},"3":{"start":{"line":30,"column":13},"end":{"line":59,"column":2}},"4":{"start":{"line":61,"column":20},"end":{"line":66,"column":2}},"5":{"start":{"line":68,"column":15},"end":{"line":68,"column":16}},"6":{"start":{"line":70,"column":13},"end":{"line":88,"column":2}},"7":{"start":{"line":90,"column":13},"end":{"line":95,"column":2}},"8":{"start":{"line":97,"column":28},"end":{"line":104,"column":2}},"9":{"start":{"line":103,"column":35},"end":{"line":103,"column":54}},"10":{"start":{"line":106,"column":0},"end":{"line":106,"column":21}}},"fnMap":{"0":{"name":"(anonymous_0)","decl":{"start":{"line":103,"column":11},"end":{"line":103,"column":12}},"loc":{"start":{"line":103,"column":35},"end":{"line":103,"column":54}}}},"branchMap":{},"s":{"0":1,"1":1,"2":1,"3":1,"4":1,"5":1,"6":1,"7":1,"8":1,"9":1,"10":1},"f":{"0":1},"b":{}}
}
