TN:
SF:src/testUtils.tsx
FN:8,renderWithTheme
FN:12,Wrapper
FNF:2
FNH:2
FNDA:1,renderWithTheme
FNDA:1,Wrapper
DA:1,1
DA:2,1
DA:3,1
DA:4,1
DA:13,1
DA:15,1
DA:22,1
DA:25,1
LF:8
LH:8
BRDA:10,0,0,1
BRF:1
BRH:1
end_of_record
TN:
SF:src/assets/icons/beer.svg
FN:3,SvgBeer
FNF:1
FNH:0
FNDA:0,SvgBeer
DA:2,1
DA:4,0
DA:9,1
LF:3
LH:2
BRF:0
BRH:0
end_of_record
TN:
SF:src/assets/icons/github.svg
FN:3,SvgGithub
FNF:1
FNH:0
FNDA:0,SvgGithub
DA:2,1
DA:4,0
DA:9,1
LF:3
LH:2
BRF:0
BRH:0
end_of_record
TN:
SF:src/assets/icons/minus.svg
FN:3,SvgMinus
FNF:1
FNH:0
FNDA:0,SvgMinus
DA:2,1
DA:4,0
DA:9,1
LF:3
LH:2
BRF:0
BRH:0
end_of_record
TN:
SF:src/assets/icons/plus.svg
FN:3,SvgPlus
FNF:1
FNH:0
FNDA:0,SvgPlus
DA:2,1
DA:4,0
DA:9,1
LF:3
LH:2
BRF:0
BRH:0
end_of_record
TN:
SF:src/assets/icons/spinner.svg
FN:3,SvgSpinner
FNF:1
FNH:0
FNDA:0,SvgSpinner
DA:2,1
DA:4,0
DA:9,1
LF:3
LH:2
BRF:0
BRH:0
end_of_record
TN:
SF:src/components/Button/index.tsx
FN:12,(anonymous_7)
FNF:1
FNH:1
FNDA:1,(anonymous_7)
DA:1,1
DA:3,1
DA:12,1
DA:13,1
DA:21,1
LF:5
LH:5
BRDA:16,0,0,1
BRDA:16,0,1,0
BRF:2
BRH:1
end_of_record
TN:
SF:src/components/Button/styles.ts
FN:19,(anonymous_7)
FN:28,(anonymous_8)
FN:38,(anonymous_9)
FN:41,(anonymous_10)
FN:46,(anonymous_11)
FN:47,(anonymous_12)
FN:48,(anonymous_13)
FN:51,(anonymous_14)
FNF:8
FNH:7
FNDA:0,(anonymous_7)
FNDA:1,(anonymous_8)
FNDA:1,(anonymous_9)
FNDA:1,(anonymous_10)
FNDA:1,(anonymous_11)
FNDA:1,(anonymous_12)
FNDA:1,(anonymous_13)
FNDA:1,(anonymous_14)
DA:1,1
DA:3,1
DA:5,1
DA:15,1
DA:19,0
DA:27,1
DA:29,1
DA:30,0
DA:32,1
DA:33,0
DA:36,1
DA:39,1
DA:42,1
DA:46,1
DA:47,1
DA:48,1
DA:52,1
LF:17
LH:14
BRDA:29,0,0,0
BRDA:29,0,1,1
BRDA:32,1,0,0
BRDA:32,1,1,1
BRDA:36,2,0,0
BRDA:36,2,1,1
BRDA:39,3,0,0
BRDA:39,3,1,1
BRDA:42,4,0,0
BRDA:42,4,1,1
BRDA:47,5,0,0
BRDA:47,5,1,1
BRDA:52,6,0,0
BRDA:52,6,1,1
BRF:14
BRH:7
end_of_record
TN:
SF:src/components/Icons/index.tsx
FN:23,(anonymous_1)
FNF:1
FNH:0
FNDA:0,(anonymous_1)
DA:1,1
DA:2,1
DA:4,1
DA:5,1
DA:6,1
DA:7,1
DA:8,1
DA:10,1
DA:23,1
DA:30,0
DA:32,0
LF:11
LH:9
BRDA:25,0,0,0
BRDA:33,1,0,0
BRDA:33,1,1,0
BRDA:33,2,0,0
BRDA:33,2,1,0
BRF:5
BRH:0
end_of_record
TN:
SF:src/styles/theme.ts
FN:103,(anonymous_0)
FNF:1
FNH:1
FNDA:1,(anonymous_0)
DA:2,1
DA:15,1
DA:26,1
DA:30,1
DA:61,1
DA:68,1
DA:70,1
DA:90,1
DA:97,1
DA:103,1
DA:106,1
LF:11
LH:11
BRF:0
BRH:0
end_of_record
